Build started 15/03/2015 3:49:42 p.m..
     1>Project "C:\Users\Playtech\Documents\MediaDesignSchool\Year 2\P01 - Artificial Intelligence\Summative-1\Tic Tac Toe\Source\Tic Tac Toe\Msvc\Tic Tac Toe.vcxproj" on node 2 (Build target(s)).
     1>ClCompile:
         C:\Program Files (x86)\Microsoft Visual Studio 12.0\VC\bin\CL.exe /c /Zi /nologo /W3 /WX- /sdl /O2 /Oi /Oy- /GL /D _MBCS /Gm- /EHsc /MD /GS /Gy /fp:precise /Zc:wchar_t /Zc:forScope /Yc"TicTacToeStd.h" /Fp"C:\Users\Playtech\Documents\MediaDesignSchool\Year 2\P01 - Artificial Intelligence\Summative-1\Tic Tac Toe\Source\Tic Tac Toe\Msvc\..\..\Lib\Win32Release\Tic Tac Toe.pch" /Fo"C:\Users\Playtech\Documents\MediaDesignSchool\Year 2\P01 - Artificial Intelligence\Summative-1\Tic Tac Toe\Source\Tic Tac Toe\Msvc\..\..\Lib\Win32Release\\" /Fd"C:\Users\Playtech\Documents\MediaDesignSchool\Year 2\P01 - Artificial Intelligence\Summative-1\Tic Tac Toe\Source\Tic Tac Toe\Msvc\..\..\Lib\Win32Release\vc120.pdb" /Gd /TP /analyze- /errorReport:prompt ..\TicTacToeStd.cpp
         TicTacToeStd.cpp
         C:\Program Files (x86)\Microsoft Visual Studio 12.0\VC\bin\CL.exe /c /Zi /nologo /W3 /WX- /sdl /O2 /Oi /Oy- /GL /D _MBCS /Gm- /EHsc /MD /GS /Gy /fp:precise /Zc:wchar_t /Zc:forScope /Yu"TicTacToeStd.h" /Fp"C:\Users\Playtech\Documents\MediaDesignSchool\Year 2\P01 - Artificial Intelligence\Summative-1\Tic Tac Toe\Source\Tic Tac Toe\Msvc\..\..\Lib\Win32Release\Tic Tac Toe.pch" /Fo"C:\Users\Playtech\Documents\MediaDesignSchool\Year 2\P01 - Artificial Intelligence\Summative-1\Tic Tac Toe\Source\Tic Tac Toe\Msvc\..\..\Lib\Win32Release\\" /Fd"C:\Users\Playtech\Documents\MediaDesignSchool\Year 2\P01 - Artificial Intelligence\Summative-1\Tic Tac Toe\Source\Tic Tac Toe\Msvc\..\..\Lib\Win32Release\vc120.pdb" /Gd /TP /analyze- /errorReport:prompt ..\BoardState.cpp ..\TicTacToeApp.cpp ..\TicTacToeHumanView.cpp ..\TicTacToeLogic.cpp
         BoardState.cpp
         TicTacToeApp.cpp
         TicTacToeHumanView.cpp
         TicTacToeLogic.cpp
     1>..\TicTacToeLogic.cpp(83): warning C4065: switch statement contains 'default' but no 'case' labels
       Link:
         C:\Program Files (x86)\Microsoft Visual Studio 12.0\VC\bin\link.exe /ERRORREPORT:PROMPT /OUT:"C:\Users\Playtech\Documents\MediaDesignSchool\Year 2\P01 - Artificial Intelligence\Summative-1\Tic Tac Toe\Source\Tic Tac Toe\Msvc\..\..\Lib\Win32Release\Tic Tac Toe.exe" /NOLOGO SDL2.lib SDL2main.lib SDL2_image.lib SDLGameFramework.lib kernel32.lib user32.lib gdi32.lib winspool.lib comdlg32.lib advapi32.lib shell32.lib ole32.lib oleaut32.lib uuid.lib odbc32.lib odbccp32.lib /MANIFEST /MANIFESTUAC:"level='asInvoker' uiAccess='false'" /manifest:embed /DEBUG /PDB:"C:\Users\Playtech\Documents\MediaDesignSchool\Year 2\P01 - Artificial Intelligence\Summative-1\Tic Tac Toe\Source\Tic Tac Toe\Msvc\..\..\Lib\Win32Release\Tic Tac Toe.pdb" /SUBSYSTEM:CONSOLE /OPT:REF /OPT:ICF /LTCG /TLBID:1 /DYNAMICBASE /NXCOMPAT /IMPLIB:"C:\Users\Playtech\Documents\MediaDesignSchool\Year 2\P01 - Artificial Intelligence\Summative-1\Tic Tac Toe\Source\Tic Tac Toe\Msvc\..\..\Lib\Win32Release\Tic Tac Toe.lib" /MACHINE:X86 /SAFESEH "C:\Users\Playtech\Documents\MediaDesignSchool\Year 2\P01 - Artificial Intelligence\Summative-1\Tic Tac Toe\Source\Tic Tac Toe\Msvc\..\..\Lib\Win32Release\BoardState.obj"
         "C:\Users\Playtech\Documents\MediaDesignSchool\Year 2\P01 - Artificial Intelligence\Summative-1\Tic Tac Toe\Source\Tic Tac Toe\Msvc\..\..\Lib\Win32Release\TicTacToeApp.obj"
         "C:\Users\Playtech\Documents\MediaDesignSchool\Year 2\P01 - Artificial Intelligence\Summative-1\Tic Tac Toe\Source\Tic Tac Toe\Msvc\..\..\Lib\Win32Release\TicTacToeHumanView.obj"
         "C:\Users\Playtech\Documents\MediaDesignSchool\Year 2\P01 - Artificial Intelligence\Summative-1\Tic Tac Toe\Source\Tic Tac Toe\Msvc\..\..\Lib\Win32Release\TicTacToeLogic.obj"
         "C:\Users\Playtech\Documents\MediaDesignSchool\Year 2\P01 - Artificial Intelligence\Summative-1\Tic Tac Toe\Source\Tic Tac Toe\Msvc\..\..\Lib\Win32Release\TicTacToeStd.obj"
         Generating code
         Finished generating code
         Tic Tac Toe.vcxproj -> C:\Users\Playtech\Documents\MediaDesignSchool\Year 2\P01 - Artificial Intelligence\Summative-1\Tic Tac Toe\Source\Tic Tac Toe\Msvc\..\..\Lib\Win32Release\Tic Tac Toe.exe
     1>Done Building Project "C:\Users\Playtech\Documents\MediaDesignSchool\Year 2\P01 - Artificial Intelligence\Summative-1\Tic Tac Toe\Source\Tic Tac Toe\Msvc\Tic Tac Toe.vcxproj" (Build target(s)).

Build succeeded.

Time Elapsed 00:00:07.56
